c:\users\jingj\onedrive\desktop\dm2212_physics\debug\common.pdb
c:\users\jingj\onedrive\desktop\dm2212_physics\debug\common.idb
c:\users\jingj\onedrive\desktop\dm2212_physics\common\debug\vector3.obj
c:\users\jingj\onedrive\desktop\dm2212_physics\common\debug\timer.obj
c:\users\jingj\onedrive\desktop\dm2212_physics\common\debug\mtx44.obj
c:\users\jingj\onedrive\desktop\dm2212_physics\common\debug\matrixstack.obj
c:\users\jingj\onedrive\desktop\pphys ass 2\pphy-assignment-2\debug\common.pdb
c:\users\jingj\onedrive\desktop\pphys ass 2\pphy-assignment-2\debug\common.idb
c:\users\jingj\onedrive\desktop\pphys ass 2\pphy-assignment-2\common\debug\vector3.obj
c:\users\jingj\onedrive\desktop\pphys ass 2\pphy-assignment-2\common\debug\timer.obj
c:\users\jingj\onedrive\desktop\pphys ass 2\pphy-assignment-2\common\debug\mtx44.obj
c:\users\jingj\onedrive\desktop\pphys ass 2\pphy-assignment-2\common\debug\matrixstack.obj
c:\users\jingj\onedrive\desktop\dm2212_physics\debug\common.lib
c:\users\jingj\onedrive\desktop\pphys ass 2\pphy-assignment-2\debug\common.lib
c:\users\jingj\onedrive\desktop\pphys ass 2\pphy-assignment-2\common\debug\common.tlog\cl.command.1.tlog
c:\users\jingj\onedrive\desktop\pphys ass 2\pphy-assignment-2\common\debug\common.tlog\cl.read.1.tlog
c:\users\jingj\onedrive\desktop\pphys ass 2\pphy-assignment-2\common\debug\common.tlog\cl.write.1.tlog
c:\users\jingj\onedrive\desktop\pphys ass 2\pphy-assignment-2\common\debug\common.tlog\lib-link.read.1.tlog
c:\users\jingj\onedrive\desktop\pphys ass 2\pphy-assignment-2\common\debug\common.tlog\lib-link.write.1.tlog
c:\users\jingj\onedrive\desktop\pphys ass 2\pphy-assignment-2\common\debug\common.tlog\lib.command.1.tlog
