c:\users\jingj\source\repos\dm2212_physics\physics\release\vc142.pdb
c:\users\jingj\source\repos\dm2212_physics\physics\release\utility.obj
c:\users\jingj\source\repos\dm2212_physics\physics\release\shader.obj
c:\users\jingj\source\repos\dm2212_physics\physics\release\scenekinematics.obj
c:\users\jingj\source\repos\dm2212_physics\physics\release\scenecollision.obj
c:\users\jingj\source\repos\dm2212_physics\physics\release\scenebase.obj
c:\users\jingj\source\repos\dm2212_physics\physics\release\sceneasteroid.obj
c:\users\jingj\source\repos\dm2212_physics\physics\release\meshbuilder.obj
c:\users\jingj\source\repos\dm2212_physics\physics\release\mesh.obj
c:\users\jingj\source\repos\dm2212_physics\physics\release\main.obj
c:\users\jingj\source\repos\dm2212_physics\physics\release\loadtga.obj
c:\users\jingj\source\repos\dm2212_physics\physics\release\loadobj.obj
c:\users\jingj\source\repos\dm2212_physics\physics\release\gameobject.obj
c:\users\jingj\source\repos\dm2212_physics\physics\release\camera.obj
c:\users\jingj\source\repos\dm2212_physics\physics\release\application.obj
c:\users\jingj\source\repos\dm2212_physics\release\physics.exe
c:\users\jingj\source\repos\dm2212_physics\release\physics.pdb
c:\users\jingj\source\repos\dm2212_physics\release\physics.ipdb
c:\users\jingj\source\repos\dm2212_physics\release\physics.iobj
c:\users\jingj\source\repos\dm2212_physics\physics\release\physics.tlog\cl.command.1.tlog
c:\users\jingj\source\repos\dm2212_physics\physics\release\physics.tlog\cl.read.1.tlog
c:\users\jingj\source\repos\dm2212_physics\physics\release\physics.tlog\cl.write.1.tlog
c:\users\jingj\source\repos\dm2212_physics\physics\release\physics.tlog\link.command.1.tlog
c:\users\jingj\source\repos\dm2212_physics\physics\release\physics.tlog\link.read.1.tlog
c:\users\jingj\source\repos\dm2212_physics\physics\release\physics.tlog\link.write.1.tlog
c:\users\jingj\source\repos\dm2212_physics\physics\release\physics.tlog\physics.write.1u.tlog
